{"C:\\Users\\A.R\\Desktop\\Desktop\\Node.js Course\\7th course\\app.js": {"path":"C:\\Users\\A.R\\Desktop\\Desktop\\Node.js Course\\7th course\\app.js","statementMap":{"0":{"start":{"line":1,"column":16},"end":{"line":1,"column":34}},"1":{"start":{"line":2,"column":15},"end":{"line":2,"column":63}},"2":{"start":{"line":3,"column":15},"end":{"line":3,"column":32}},"3":{"start":{"line":4,"column":16},"end":{"line":4,"column":34}},"4":{"start":{"line":5,"column":12},"end":{"line":5,"column":21}},"5":{"start":{"line":8,"column":0},"end":{"line":8,"column":33}},"6":{"start":{"line":9,"column":0},"end":{"line":9,"column":26}},"7":{"start":{"line":10,"column":0},"end":{"line":10,"column":31}},"8":{"start":{"line":13,"column":13},"end":{"line":13,"column":29}},"9":{"start":{"line":14,"column":15},"end":{"line":16,"column":2}},"10":{"start":{"line":15,"column":4},"end":{"line":15,"column":55}},"11":{"start":{"line":17,"column":0},"end":{"line":17,"column":24}}},"fnMap":{"0":{"name":"(anonymous_0)","decl":{"start":{"line":14,"column":32},"end":{"line":14,"column":33}},"loc":{"start":{"line":14,"column":36},"end":{"line":16,"column":1}},"line":14}},"branchMap":{},"s":{"0":2,"1":2,"2":2,"3":2,"4":2,"5":2,"6":2,"7":2,"8":2,"9":2,"10":2,"11":2},"f":{"0":2},"b":{},"_coverageSchema":"1a1c01bbd47fc00a2c39e90264f33305004495a9","hash":"bba34635a532b8a52d39bb1a0bd480d76ae9c977"}
,"C:\\Users\\A.R\\Desktop\\Desktop\\Node.js Course\\7th course\\database\\Customer.js": {"path":"C:\\Users\\A.R\\Desktop\\Desktop\\Node.js Course\\7th course\\database\\Customer.js","statementMap":{"0":{"start":{"line":1,"column":16},"end":{"line":1,"column":35}},"1":{"start":{"line":2,"column":12},"end":{"line":2,"column":26}},"2":{"start":{"line":4,"column":17},"end":{"line":8,"column":3}},"3":{"start":{"line":11,"column":19},"end":{"line":15,"column":6}},"4":{"start":{"line":16,"column":4},"end":{"line":16,"column":37}},"5":{"start":{"line":19,"column":0},"end":{"line":19,"column":35}},"6":{"start":{"line":20,"column":0},"end":{"line":20,"column":43}}},"fnMap":{"0":{"name":"validateCustomer","decl":{"start":{"line":10,"column":9},"end":{"line":10,"column":25}},"loc":{"start":{"line":10,"column":35},"end":{"line":17,"column":1}},"line":10}},"branchMap":{},"s":{"0":2,"1":2,"2":2,"3":0,"4":0,"5":2,"6":2},"f":{"0":0},"b":{},"_coverageSchema":"1a1c01bbd47fc00a2c39e90264f33305004495a9","hash":"b5cb9bdf556316a9e0d5b58fb68b46dd7c250fda"}
,"C:\\Users\\A.R\\Desktop\\Desktop\\Node.js Course\\7th course\\database\\Genre.js": {"path":"C:\\Users\\A.R\\Desktop\\Desktop\\Node.js Course\\7th course\\database\\Genre.js","statementMap":{"0":{"start":{"line":1,"column":16},"end":{"line":1,"column":35}},"1":{"start":{"line":2,"column":12},"end":{"line":2,"column":26}},"2":{"start":{"line":4,"column":20},"end":{"line":11,"column":2}},"3":{"start":{"line":12,"column":14},"end":{"line":12,"column":49}},"4":{"start":{"line":15,"column":19},"end":{"line":17,"column":6}},"5":{"start":{"line":18,"column":4},"end":{"line":18,"column":34}},"6":{"start":{"line":21,"column":0},"end":{"line":21,"column":41}},"7":{"start":{"line":22,"column":0},"end":{"line":22,"column":29}},"8":{"start":{"line":23,"column":0},"end":{"line":23,"column":40}}},"fnMap":{"0":{"name":"validateGenre","decl":{"start":{"line":14,"column":9},"end":{"line":14,"column":22}},"loc":{"start":{"line":14,"column":29},"end":{"line":19,"column":1}},"line":14}},"branchMap":{},"s":{"0":2,"1":2,"2":2,"3":2,"4":9,"5":9,"6":2,"7":2,"8":2},"f":{"0":9},"b":{},"_coverageSchema":"1a1c01bbd47fc00a2c39e90264f33305004495a9","hash":"e84d3b6f2165a1b4e7f9ad542a84dc63898fa552"}
,"C:\\Users\\A.R\\Desktop\\Desktop\\Node.js Course\\7th course\\database\\Movie.js": {"path":"C:\\Users\\A.R\\Desktop\\Desktop\\Node.js Course\\7th course\\database\\Movie.js","statementMap":{"0":{"start":{"line":1,"column":16},"end":{"line":1,"column":35}},"1":{"start":{"line":2,"column":12},"end":{"line":2,"column":26}},"2":{"start":{"line":3,"column":22},"end":{"line":3,"column":40}},"3":{"start":{"line":5,"column":14},"end":{"line":30,"column":3}},"4":{"start":{"line":34,"column":19},"end":{"line":39,"column":6}},"5":{"start":{"line":40,"column":4},"end":{"line":40,"column":34}},"6":{"start":{"line":43,"column":0},"end":{"line":43,"column":29}},"7":{"start":{"line":44,"column":0},"end":{"line":44,"column":40}}},"fnMap":{"0":{"name":"validateMovie","decl":{"start":{"line":32,"column":9},"end":{"line":32,"column":22}},"loc":{"start":{"line":32,"column":30},"end":{"line":41,"column":1}},"line":32}},"branchMap":{},"s":{"0":2,"1":2,"2":2,"3":2,"4":0,"5":0,"6":2,"7":2},"f":{"0":0},"b":{},"_coverageSchema":"1a1c01bbd47fc00a2c39e90264f33305004495a9","hash":"1c458fd0274b1fefcdba733fa23befcabb00826b"}
,"C:\\Users\\A.R\\Desktop\\Desktop\\Node.js Course\\7th course\\database\\Rental.js": {"path":"C:\\Users\\A.R\\Desktop\\Desktop\\Node.js Course\\7th course\\database\\Rental.js","statementMap":{"0":{"start":{"line":1,"column":12},"end":{"line":1,"column":26}},"1":{"start":{"line":2,"column":16},"end":{"line":2,"column":35}},"2":{"start":{"line":4,"column":15},"end":{"line":57,"column":3}},"3":{"start":{"line":60,"column":19},"end":{"line":63,"column":6}},"4":{"start":{"line":64,"column":4},"end":{"line":64,"column":35}},"5":{"start":{"line":67,"column":0},"end":{"line":67,"column":31}},"6":{"start":{"line":68,"column":0},"end":{"line":68,"column":41}}},"fnMap":{"0":{"name":"validateRental","decl":{"start":{"line":59,"column":9},"end":{"line":59,"column":23}},"loc":{"start":{"line":59,"column":31},"end":{"line":65,"column":1}},"line":59}},"branchMap":{},"s":{"0":2,"1":2,"2":2,"3":0,"4":0,"5":2,"6":2},"f":{"0":0},"b":{},"_coverageSchema":"1a1c01bbd47fc00a2c39e90264f33305004495a9","hash":"280e864058ccf7eeb4b57deb388ae1fca2106b0e"}
,"C:\\Users\\A.R\\Desktop\\Desktop\\Node.js Course\\7th course\\database\\User.js": {"path":"C:\\Users\\A.R\\Desktop\\Desktop\\Node.js Course\\7th course\\database\\User.js","statementMap":{"0":{"start":{"line":1,"column":15},"end":{"line":1,"column":32}},"1":{"start":{"line":2,"column":12},"end":{"line":2,"column":35}},"2":{"start":{"line":3,"column":16},"end":{"line":3,"column":35}},"3":{"start":{"line":4,"column":12},"end":{"line":4,"column":26}},"4":{"start":{"line":5,"column":19},"end":{"line":26,"column":2}},"5":{"start":{"line":28,"column":0},"end":{"line":31,"column":1}},"6":{"start":{"line":29,"column":16},"end":{"line":29,"column":94}},"7":{"start":{"line":30,"column":4},"end":{"line":30,"column":17}},"8":{"start":{"line":32,"column":13},"end":{"line":32,"column":46}},"9":{"start":{"line":36,"column":19},"end":{"line":40,"column":6}},"10":{"start":{"line":41,"column":4},"end":{"line":41,"column":33}},"11":{"start":{"line":43,"column":0},"end":{"line":43,"column":27}},"12":{"start":{"line":44,"column":0},"end":{"line":44,"column":39}}},"fnMap":{"0":{"name":"(anonymous_0)","decl":{"start":{"line":28,"column":39},"end":{"line":28,"column":40}},"loc":{"start":{"line":28,"column":49},"end":{"line":31,"column":1}},"line":28},"1":{"name":"validateUser","decl":{"start":{"line":35,"column":9},"end":{"line":35,"column":21}},"loc":{"start":{"line":35,"column":28},"end":{"line":42,"column":1}},"line":35}},"branchMap":{},"s":{"0":4,"1":4,"2":4,"3":4,"4":4,"5":4,"6":23,"7":23,"8":4,"9":0,"10":0,"11":4,"12":4},"f":{"0":23,"1":0},"b":{},"_coverageSchema":"1a1c01bbd47fc00a2c39e90264f33305004495a9","hash":"7c6dc131143398ace1070f6aaf2ab11be8a84c5b"}
,"C:\\Users\\A.R\\Desktop\\Desktop\\Node.js Course\\7th course\\middleware\\admin.js": {"path":"C:\\Users\\A.R\\Desktop\\Desktop\\Node.js Course\\7th course\\middleware\\admin.js","statementMap":{"0":{"start":{"line":1,"column":0},"end":{"line":4,"column":1}},"1":{"start":{"line":2,"column":4},"end":{"line":2,"column":71}},"2":{"start":{"line":2,"column":26},"end":{"line":2,"column":71}},"3":{"start":{"line":3,"column":4},"end":{"line":3,"column":11}}},"fnMap":{"0":{"name":"(anonymous_0)","decl":{"start":{"line":1,"column":17},"end":{"line":1,"column":18}},"loc":{"start":{"line":1,"column":41},"end":{"line":4,"column":1}},"line":1}},"branchMap":{"0":{"loc":{"start":{"line":2,"column":4},"end":{"line":2,"column":71}},"type":"if","locations":[{"start":{"line":2,"column":4},"end":{"line":2,"column":71}},{"start":{},"end":{}}],"line":2}},"s":{"0":2,"1":5,"2":1,"3":4},"f":{"0":5},"b":{"0":[1,4]},"_coverageSchema":"1a1c01bbd47fc00a2c39e90264f33305004495a9","hash":"baa9451f9f96d9b3a94c40834b1a206b6053330f"}
,"C:\\Users\\A.R\\Desktop\\Desktop\\Node.js Course\\7th course\\middleware\\auth.js": {"path":"C:\\Users\\A.R\\Desktop\\Desktop\\Node.js Course\\7th course\\middleware\\auth.js","statementMap":{"0":{"start":{"line":1,"column":12},"end":{"line":1,"column":35}},"1":{"start":{"line":2,"column":15},"end":{"line":2,"column":32}},"2":{"start":{"line":4,"column":0},"end":{"line":16,"column":1}},"3":{"start":{"line":5,"column":16},"end":{"line":5,"column":42}},"4":{"start":{"line":6,"column":4},"end":{"line":6,"column":79}},"5":{"start":{"line":6,"column":15},"end":{"line":6,"column":79}},"6":{"start":{"line":8,"column":4},"end":{"line":14,"column":5}},"7":{"start":{"line":9,"column":24},"end":{"line":9,"column":70}},"8":{"start":{"line":10,"column":8},"end":{"line":10,"column":27}},"9":{"start":{"line":11,"column":8},"end":{"line":11,"column":15}},"10":{"start":{"line":13,"column":8},"end":{"line":13,"column":46}}},"fnMap":{"0":{"name":"(anonymous_0)","decl":{"start":{"line":4,"column":17},"end":{"line":4,"column":18}},"loc":{"start":{"line":4,"column":42},"end":{"line":16,"column":1}},"line":4}},"branchMap":{"0":{"loc":{"start":{"line":6,"column":4},"end":{"line":6,"column":79}},"type":"if","locations":[{"start":{"line":6,"column":4},"end":{"line":6,"column":79}},{"start":{},"end":{}}],"line":6}},"s":{"0":3,"1":3,"2":3,"3":20,"4":20,"5":4,"6":16,"7":16,"8":15,"9":15,"10":1},"f":{"0":20},"b":{"0":[4,16]},"_coverageSchema":"1a1c01bbd47fc00a2c39e90264f33305004495a9","hash":"64b955e4fc1b198ea5cef16c72529c744f8ad8f4"}
,"C:\\Users\\A.R\\Desktop\\Desktop\\Node.js Course\\7th course\\middleware\\error.js": {"path":"C:\\Users\\A.R\\Desktop\\Desktop\\Node.js Course\\7th course\\middleware\\error.js","statementMap":{"0":{"start":{"line":1,"column":16},"end":{"line":1,"column":34}},"1":{"start":{"line":2,"column":0},"end":{"line":5,"column":1}},"2":{"start":{"line":3,"column":4},"end":{"line":3,"column":36}},"3":{"start":{"line":4,"column":4},"end":{"line":4,"column":41}}},"fnMap":{"0":{"name":"(anonymous_0)","decl":{"start":{"line":2,"column":17},"end":{"line":2,"column":18}},"loc":{"start":{"line":2,"column":46},"end":{"line":5,"column":1}},"line":2}},"branchMap":{},"s":{"0":2,"1":2,"2":0,"3":0},"f":{"0":0},"b":{},"_coverageSchema":"1a1c01bbd47fc00a2c39e90264f33305004495a9","hash":"61ce1e07b63d4f6de11b2e46cef54573bfdd1010"}
,"C:\\Users\\A.R\\Desktop\\Desktop\\Node.js Course\\7th course\\middleware\\validateObjectId.js": {"path":"C:\\Users\\A.R\\Desktop\\Desktop\\Node.js Course\\7th course\\middleware\\validateObjectId.js","statementMap":{"0":{"start":{"line":1,"column":16},"end":{"line":1,"column":35}},"1":{"start":{"line":2,"column":0},"end":{"line":7,"column":2}},"2":{"start":{"line":3,"column":4},"end":{"line":5,"column":5}},"3":{"start":{"line":4,"column":8},"end":{"line":4,"column":50}},"4":{"start":{"line":6,"column":4},"end":{"line":6,"column":11}}},"fnMap":{"0":{"name":"(anonymous_0)","decl":{"start":{"line":2,"column":17},"end":{"line":2,"column":18}},"loc":{"start":{"line":2,"column":35},"end":{"line":7,"column":1}},"line":2}},"branchMap":{"0":{"loc":{"start":{"line":3,"column":4},"end":{"line":5,"column":5}},"type":"if","locations":[{"start":{"line":3,"column":4},"end":{"line":5,"column":5}},{"start":{},"end":{}}],"line":3}},"s":{"0":2,"1":2,"2":9,"3":1,"4":8},"f":{"0":9},"b":{"0":[1,8]},"_coverageSchema":"1a1c01bbd47fc00a2c39e90264f33305004495a9","hash":"ed9e4d9becf74ca5f1091f65999c8d84086ebbfc"}
,"C:\\Users\\A.R\\Desktop\\Desktop\\Node.js Course\\7th course\\router\\auth.js": {"path":"C:\\Users\\A.R\\Desktop\\Desktop\\Node.js Course\\7th course\\router\\auth.js","statementMap":{"0":{"start":{"line":1,"column":16},"end":{"line":1,"column":34}},"1":{"start":{"line":2,"column":15},"end":{"line":2,"column":32}},"2":{"start":{"line":3,"column":12},"end":{"line":3,"column":35}},"3":{"start":{"line":4,"column":15},"end":{"line":4,"column":32}},"4":{"start":{"line":5,"column":12},"end":{"line":5,"column":26}},"5":{"start":{"line":6,"column":10},"end":{"line":6,"column":27}},"6":{"start":{"line":7,"column":16},"end":{"line":7,"column":35}},"7":{"start":{"line":8,"column":15},"end":{"line":8,"column":42}},"8":{"start":{"line":9,"column":15},"end":{"line":9,"column":31}},"9":{"start":{"line":11,"column":0},"end":{"line":20,"column":3}},"10":{"start":{"line":12,"column":20},"end":{"line":12,"column":38}},"11":{"start":{"line":13,"column":4},"end":{"line":13,"column":68}},"12":{"start":{"line":13,"column":14},"end":{"line":13,"column":68}},"13":{"start":{"line":14,"column":15},"end":{"line":14,"column":58}},"14":{"start":{"line":15,"column":4},"end":{"line":15,"column":74}},"15":{"start":{"line":15,"column":14},"end":{"line":15,"column":74}},"16":{"start":{"line":16,"column":24},"end":{"line":16,"column":78}},"17":{"start":{"line":17,"column":4},"end":{"line":17,"column":83}},"18":{"start":{"line":17,"column":23},"end":{"line":17,"column":83}},"19":{"start":{"line":18,"column":18},"end":{"line":18,"column":42}},"20":{"start":{"line":19,"column":4},"end":{"line":19,"column":20}},"21":{"start":{"line":23,"column":19},"end":{"line":26,"column":6}},"22":{"start":{"line":27,"column":4},"end":{"line":27,"column":32}},"23":{"start":{"line":29,"column":0},"end":{"line":29,"column":24}}},"fnMap":{"0":{"name":"(anonymous_0)","decl":{"start":{"line":11,"column":17},"end":{"line":11,"column":18}},"loc":{"start":{"line":11,"column":35},"end":{"line":20,"column":1}},"line":11},"1":{"name":"validate","decl":{"start":{"line":22,"column":9},"end":{"line":22,"column":17}},"loc":{"start":{"line":22,"column":23},"end":{"line":28,"column":1}},"line":22}},"branchMap":{"0":{"loc":{"start":{"line":13,"column":4},"end":{"line":13,"column":68}},"type":"if","locations":[{"start":{"line":13,"column":4},"end":{"line":13,"column":68}},{"start":{},"end":{}}],"line":13},"1":{"loc":{"start":{"line":15,"column":4},"end":{"line":15,"column":74}},"type":"if","locations":[{"start":{"line":15,"column":4},"end":{"line":15,"column":74}},{"start":{},"end":{}}],"line":15},"2":{"loc":{"start":{"line":17,"column":4},"end":{"line":17,"column":83}},"type":"if","locations":[{"start":{"line":17,"column":4},"end":{"line":17,"column":83}},{"start":{},"end":{}}],"line":17}},"s":{"0":2,"1":2,"2":2,"3":2,"4":2,"5":2,"6":2,"7":2,"8":2,"9":2,"10":0,"11":0,"12":0,"13":0,"14":0,"15":0,"16":0,"17":0,"18":0,"19":0,"20":0,"21":0,"22":0,"23":2},"f":{"0":0,"1":0},"b":{"0":[0,0],"1":[0,0],"2":[0,0]},"_coverageSchema":"1a1c01bbd47fc00a2c39e90264f33305004495a9","hash":"b435143ce35a6e1fe3253aca3b1d36dca65b88e8"}
,"C:\\Users\\A.R\\Desktop\\Desktop\\Node.js Course\\7th course\\router\\genre.js": {"path":"C:\\Users\\A.R\\Desktop\\Desktop\\Node.js Course\\7th course\\router\\genre.js","statementMap":{"0":{"start":{"line":1,"column":13},"end":{"line":1,"column":42}},"1":{"start":{"line":2,"column":16},"end":{"line":2,"column":34}},"2":{"start":{"line":3,"column":16},"end":{"line":3,"column":35}},"3":{"start":{"line":4,"column":26},"end":{"line":4,"column":54}},"4":{"start":{"line":5,"column":14},"end":{"line":5,"column":44}},"5":{"start":{"line":6,"column":12},"end":{"line":6,"column":43}},"6":{"start":{"line":7,"column":25},"end":{"line":7,"column":66}},"7":{"start":{"line":8,"column":15},"end":{"line":8,"column":31}},"8":{"start":{"line":10,"column":0},"end":{"line":14,"column":3}},"9":{"start":{"line":11,"column":19},"end":{"line":11,"column":50}},"10":{"start":{"line":12,"column":4},"end":{"line":12,"column":83}},"11":{"start":{"line":12,"column":16},"end":{"line":12,"column":83}},"12":{"start":{"line":13,"column":4},"end":{"line":13,"column":21}},"13":{"start":{"line":16,"column":0},"end":{"line":23,"column":3}},"14":{"start":{"line":17,"column":4},"end":{"line":19,"column":5}},"15":{"start":{"line":18,"column":8},"end":{"line":18,"column":50}},"16":{"start":{"line":20,"column":19},"end":{"line":20,"column":54}},"17":{"start":{"line":21,"column":4},"end":{"line":21,"column":83}},"18":{"start":{"line":21,"column":16},"end":{"line":21,"column":83}},"19":{"start":{"line":22,"column":4},"end":{"line":22,"column":21}},"20":{"start":{"line":25,"column":0},"end":{"line":38,"column":3}},"21":{"start":{"line":26,"column":20},"end":{"line":26,"column":38}},"22":{"start":{"line":27,"column":4},"end":{"line":27,"column":68}},"23":{"start":{"line":27,"column":14},"end":{"line":27,"column":68}},"24":{"start":{"line":29,"column":18},"end":{"line":29,"column":60}},"25":{"start":{"line":30,"column":4},"end":{"line":30,"column":77}},"26":{"start":{"line":30,"column":14},"end":{"line":30,"column":77}},"27":{"start":{"line":32,"column":19},"end":{"line":34,"column":6}},"28":{"start":{"line":36,"column":4},"end":{"line":36,"column":26}},"29":{"start":{"line":37,"column":4},"end":{"line":37,"column":23}},"30":{"start":{"line":39,"column":0},"end":{"line":50,"column":5}},"31":{"start":{"line":40,"column":22},"end":{"line":40,"column":40}},"32":{"start":{"line":41,"column":4},"end":{"line":41,"column":69}},"33":{"start":{"line":41,"column":15},"end":{"line":41,"column":69}},"34":{"start":{"line":43,"column":18},"end":{"line":45,"column":6}},"35":{"start":{"line":47,"column":4},"end":{"line":47,"column":90}},"36":{"start":{"line":47,"column":16},"end":{"line":47,"column":90}},"37":{"start":{"line":49,"column":4},"end":{"line":49,"column":20}},"38":{"start":{"line":52,"column":0},"end":{"line":57,"column":3}},"39":{"start":{"line":53,"column":18},"end":{"line":53,"column":62}},"40":{"start":{"line":54,"column":4},"end":{"line":54,"column":69}},"41":{"start":{"line":54,"column":15},"end":{"line":54,"column":69}},"42":{"start":{"line":56,"column":4},"end":{"line":56,"column":20}},"43":{"start":{"line":59,"column":0},"end":{"line":59,"column":24}}},"fnMap":{"0":{"name":"(anonymous_0)","decl":{"start":{"line":10,"column":16},"end":{"line":10,"column":17}},"loc":{"start":{"line":10,"column":34},"end":{"line":14,"column":1}},"line":10},"1":{"name":"(anonymous_1)","decl":{"start":{"line":16,"column":19},"end":{"line":16,"column":20}},"loc":{"start":{"line":16,"column":37},"end":{"line":23,"column":1}},"line":16},"2":{"name":"(anonymous_2)","decl":{"start":{"line":25,"column":23},"end":{"line":25,"column":24}},"loc":{"start":{"line":25,"column":41},"end":{"line":38,"column":1}},"line":25},"3":{"name":"(anonymous_3)","decl":{"start":{"line":39,"column":45},"end":{"line":39,"column":46}},"loc":{"start":{"line":39,"column":65},"end":{"line":50,"column":3}},"line":39},"4":{"name":"(anonymous_4)","decl":{"start":{"line":52,"column":55},"end":{"line":52,"column":56}},"loc":{"start":{"line":52,"column":73},"end":{"line":57,"column":1}},"line":52}},"branchMap":{"0":{"loc":{"start":{"line":12,"column":4},"end":{"line":12,"column":83}},"type":"if","locations":[{"start":{"line":12,"column":4},"end":{"line":12,"column":83}},{"start":{},"end":{}}],"line":12},"1":{"loc":{"start":{"line":17,"column":4},"end":{"line":19,"column":5}},"type":"if","locations":[{"start":{"line":17,"column":4},"end":{"line":19,"column":5}},{"start":{},"end":{}}],"line":17},"2":{"loc":{"start":{"line":21,"column":4},"end":{"line":21,"column":83}},"type":"if","locations":[{"start":{"line":21,"column":4},"end":{"line":21,"column":83}},{"start":{},"end":{}}],"line":21},"3":{"loc":{"start":{"line":27,"column":4},"end":{"line":27,"column":68}},"type":"if","locations":[{"start":{"line":27,"column":4},"end":{"line":27,"column":68}},{"start":{},"end":{}}],"line":27},"4":{"loc":{"start":{"line":30,"column":4},"end":{"line":30,"column":77}},"type":"if","locations":[{"start":{"line":30,"column":4},"end":{"line":30,"column":77}},{"start":{},"end":{}}],"line":30},"5":{"loc":{"start":{"line":41,"column":4},"end":{"line":41,"column":69}},"type":"if","locations":[{"start":{"line":41,"column":4},"end":{"line":41,"column":69}},{"start":{},"end":{}}],"line":41},"6":{"loc":{"start":{"line":47,"column":4},"end":{"line":47,"column":90}},"type":"if","locations":[{"start":{"line":47,"column":4},"end":{"line":47,"column":90}},{"start":{},"end":{}}],"line":47},"7":{"loc":{"start":{"line":54,"column":4},"end":{"line":54,"column":69}},"type":"if","locations":[{"start":{"line":54,"column":4},"end":{"line":54,"column":69}},{"start":{},"end":{}}],"line":54}},"s":{"0":2,"1":2,"2":2,"3":2,"4":2,"5":2,"6":2,"7":2,"8":2,"9":1,"10":1,"11":0,"12":1,"13":2,"14":2,"15":1,"16":1,"17":1,"18":0,"19":1,"20":2,"21":4,"22":4,"23":1,"24":3,"25":3,"26":0,"27":3,"28":3,"29":3,"30":2,"31":5,"32":5,"33":2,"34":3,"35":3,"36":1,"37":2,"38":2,"39":3,"40":3,"41":1,"42":2,"43":2},"f":{"0":1,"1":2,"2":4,"3":5,"4":3},"b":{"0":[0,1],"1":[1,1],"2":[0,1],"3":[1,3],"4":[0,3],"5":[2,3],"6":[1,2],"7":[1,2]},"_coverageSchema":"1a1c01bbd47fc00a2c39e90264f33305004495a9","hash":"cad58c70d186fd3c673fa5f5ffc56ccc590c1a58"}
,"C:\\Users\\A.R\\Desktop\\Desktop\\Node.js Course\\7th course\\router\\moives.js": {"path":"C:\\Users\\A.R\\Desktop\\Desktop\\Node.js Course\\7th course\\router\\moives.js","statementMap":{"0":{"start":{"line":1,"column":16},"end":{"line":1,"column":34}},"1":{"start":{"line":2,"column":15},"end":{"line":2,"column":31}},"2":{"start":{"line":4,"column":26},"end":{"line":4,"column":54}},"3":{"start":{"line":5,"column":16},"end":{"line":5,"column":44}},"4":{"start":{"line":6,"column":16},"end":{"line":6,"column":35}},"5":{"start":{"line":7,"column":13},"end":{"line":7,"column":42}},"6":{"start":{"line":10,"column":0},"end":{"line":13,"column":3}},"7":{"start":{"line":11,"column":19},"end":{"line":11,"column":50}},"8":{"start":{"line":12,"column":4},"end":{"line":12,"column":21}},"9":{"start":{"line":15,"column":0},"end":{"line":33,"column":3}},"10":{"start":{"line":16,"column":20},"end":{"line":16,"column":38}},"11":{"start":{"line":17,"column":4},"end":{"line":17,"column":68}},"12":{"start":{"line":17,"column":14},"end":{"line":17,"column":68}},"13":{"start":{"line":19,"column":18},"end":{"line":19,"column":56}},"14":{"start":{"line":20,"column":4},"end":{"line":20,"column":63}},"15":{"start":{"line":20,"column":15},"end":{"line":20,"column":63}},"16":{"start":{"line":22,"column":16},"end":{"line":30,"column":6}},"17":{"start":{"line":32,"column":4},"end":{"line":32,"column":31}},"18":{"start":{"line":35,"column":0},"end":{"line":35,"column":24}}},"fnMap":{"0":{"name":"(anonymous_0)","decl":{"start":{"line":10,"column":16},"end":{"line":10,"column":17}},"loc":{"start":{"line":10,"column":34},"end":{"line":13,"column":1}},"line":10},"1":{"name":"(anonymous_1)","decl":{"start":{"line":15,"column":23},"end":{"line":15,"column":24}},"loc":{"start":{"line":15,"column":41},"end":{"line":33,"column":1}},"line":15}},"branchMap":{"0":{"loc":{"start":{"line":17,"column":4},"end":{"line":17,"column":68}},"type":"if","locations":[{"start":{"line":17,"column":4},"end":{"line":17,"column":68}},{"start":{},"end":{}}],"line":17},"1":{"loc":{"start":{"line":20,"column":4},"end":{"line":20,"column":63}},"type":"if","locations":[{"start":{"line":20,"column":4},"end":{"line":20,"column":63}},{"start":{},"end":{}}],"line":20}},"s":{"0":2,"1":2,"2":2,"3":2,"4":2,"5":2,"6":2,"7":0,"8":0,"9":2,"10":0,"11":0,"12":0,"13":0,"14":0,"15":0,"16":0,"17":0,"18":2},"f":{"0":0,"1":0},"b":{"0":[0,0],"1":[0,0]},"_coverageSchema":"1a1c01bbd47fc00a2c39e90264f33305004495a9","hash":"f20e4608520d0096c96b74aa6572d9e4416078c3"}
,"C:\\Users\\A.R\\Desktop\\Desktop\\Node.js Course\\7th course\\router\\rentals.js": {"path":"C:\\Users\\A.R\\Desktop\\Desktop\\Node.js Course\\7th course\\router\\rentals.js","statementMap":{"0":{"start":{"line":1,"column":16},"end":{"line":1,"column":34}},"1":{"start":{"line":2,"column":15},"end":{"line":2,"column":31}},"2":{"start":{"line":4,"column":16},"end":{"line":4,"column":35}},"3":{"start":{"line":5,"column":19},"end":{"line":5,"column":50}},"4":{"start":{"line":6,"column":16},"end":{"line":6,"column":44}},"5":{"start":{"line":7,"column":27},"end":{"line":7,"column":56}},"6":{"start":{"line":10,"column":0},"end":{"line":13,"column":3}},"7":{"start":{"line":11,"column":20},"end":{"line":11,"column":56}},"8":{"start":{"line":12,"column":4},"end":{"line":12,"column":22}},"9":{"start":{"line":15,"column":0},"end":{"line":41,"column":3}},"10":{"start":{"line":16,"column":22},"end":{"line":16,"column":40}},"11":{"start":{"line":17,"column":4},"end":{"line":17,"column":68}},"12":{"start":{"line":17,"column":14},"end":{"line":17,"column":68}},"13":{"start":{"line":19,"column":21},"end":{"line":19,"column":65}},"14":{"start":{"line":20,"column":4},"end":{"line":20,"column":69}},"15":{"start":{"line":20,"column":18},"end":{"line":20,"column":69}},"16":{"start":{"line":22,"column":19},"end":{"line":22,"column":57}},"17":{"start":{"line":23,"column":4},"end":{"line":23,"column":64}},"18":{"start":{"line":23,"column":16},"end":{"line":23,"column":64}},"19":{"start":{"line":25,"column":17},"end":{"line":36,"column":6}},"20":{"start":{"line":37,"column":4},"end":{"line":37,"column":33}},"21":{"start":{"line":38,"column":4},"end":{"line":38,"column":26}},"22":{"start":{"line":39,"column":4},"end":{"line":39,"column":17}},"23":{"start":{"line":40,"column":4},"end":{"line":40,"column":21}},"24":{"start":{"line":43,"column":0},"end":{"line":43,"column":24}}},"fnMap":{"0":{"name":"(anonymous_0)","decl":{"start":{"line":10,"column":16},"end":{"line":10,"column":17}},"loc":{"start":{"line":10,"column":34},"end":{"line":13,"column":1}},"line":10},"1":{"name":"(anonymous_1)","decl":{"start":{"line":15,"column":17},"end":{"line":15,"column":18}},"loc":{"start":{"line":15,"column":35},"end":{"line":41,"column":1}},"line":15}},"branchMap":{"0":{"loc":{"start":{"line":17,"column":4},"end":{"line":17,"column":68}},"type":"if","locations":[{"start":{"line":17,"column":4},"end":{"line":17,"column":68}},{"start":{},"end":{}}],"line":17},"1":{"loc":{"start":{"line":20,"column":4},"end":{"line":20,"column":69}},"type":"if","locations":[{"start":{"line":20,"column":4},"end":{"line":20,"column":69}},{"start":{},"end":{}}],"line":20},"2":{"loc":{"start":{"line":23,"column":4},"end":{"line":23,"column":64}},"type":"if","locations":[{"start":{"line":23,"column":4},"end":{"line":23,"column":64}},{"start":{},"end":{}}],"line":23}},"s":{"0":2,"1":2,"2":2,"3":2,"4":2,"5":2,"6":2,"7":0,"8":0,"9":2,"10":0,"11":0,"12":0,"13":0,"14":0,"15":0,"16":0,"17":0,"18":0,"19":0,"20":0,"21":0,"22":0,"23":0,"24":2},"f":{"0":0,"1":0},"b":{"0":[0,0],"1":[0,0],"2":[0,0]},"_coverageSchema":"1a1c01bbd47fc00a2c39e90264f33305004495a9","hash":"b56eb74e101b7a9a35735350cad644b2fae8abc6"}
,"C:\\Users\\A.R\\Desktop\\Desktop\\Node.js Course\\7th course\\router\\users.js": {"path":"C:\\Users\\A.R\\Desktop\\Desktop\\Node.js Course\\7th course\\router\\users.js","statementMap":{"0":{"start":{"line":1,"column":16},"end":{"line":1,"column":34}},"1":{"start":{"line":2,"column":15},"end":{"line":2,"column":32}},"2":{"start":{"line":3,"column":10},"end":{"line":3,"column":27}},"3":{"start":{"line":4,"column":15},"end":{"line":4,"column":31}},"4":{"start":{"line":6,"column":13},"end":{"line":6,"column":42}},"5":{"start":{"line":7,"column":25},"end":{"line":7,"column":52}},"6":{"start":{"line":9,"column":0},"end":{"line":13,"column":2}},"7":{"start":{"line":10,"column":17},"end":{"line":10,"column":70}},"8":{"start":{"line":11,"column":4},"end":{"line":11,"column":79}},"9":{"start":{"line":11,"column":14},"end":{"line":11,"column":79}},"10":{"start":{"line":12,"column":4},"end":{"line":12,"column":19}},"11":{"start":{"line":14,"column":0},"end":{"line":50,"column":3}},"12":{"start":{"line":15,"column":22},"end":{"line":15,"column":40}},"13":{"start":{"line":17,"column":4},"end":{"line":17,"column":61}},"14":{"start":{"line":17,"column":14},"end":{"line":17,"column":61}},"15":{"start":{"line":19,"column":15},"end":{"line":46,"column":62}},"16":{"start":{"line":22,"column":13},"end":{"line":44,"column":14}},"17":{"start":{"line":24,"column":16},"end":{"line":24,"column":81}},"18":{"start":{"line":25,"column":16},"end":{"line":37,"column":58}},"19":{"start":{"line":28,"column":20},"end":{"line":35,"column":66}},"20":{"start":{"line":31,"column":24},"end":{"line":31,"column":59}},"21":{"start":{"line":32,"column":24},"end":{"line":32,"column":47}},"22":{"start":{"line":33,"column":24},"end":{"line":33,"column":36}},"23":{"start":{"line":35,"column":35},"end":{"line":35,"column":64}},"24":{"start":{"line":37,"column":29},"end":{"line":37,"column":56}},"25":{"start":{"line":39,"column":16},"end":{"line":39,"column":34}},"26":{"start":{"line":40,"column":30},"end":{"line":40,"column":54}},"27":{"start":{"line":41,"column":16},"end":{"line":41,"column":95}},"28":{"start":{"line":43,"column":17},"end":{"line":43,"column":74}},"29":{"start":{"line":46,"column":24},"end":{"line":46,"column":52}},"30":{"start":{"line":46,"column":53},"end":{"line":46,"column":60}},"31":{"start":{"line":52,"column":0},"end":{"line":52,"column":24}}},"fnMap":{"0":{"name":"(anonymous_0)","decl":{"start":{"line":9,"column":24},"end":{"line":9,"column":25}},"loc":{"start":{"line":9,"column":42},"end":{"line":13,"column":1}},"line":9},"1":{"name":"(anonymous_1)","decl":{"start":{"line":14,"column":17},"end":{"line":14,"column":18}},"loc":{"start":{"line":14,"column":35},"end":{"line":50,"column":1}},"line":14},"2":{"name":"(anonymous_2)","decl":{"start":{"line":20,"column":14},"end":{"line":20,"column":15}},"loc":{"start":{"line":20,"column":29},"end":{"line":45,"column":13}},"line":20},"3":{"name":"(anonymous_3)","decl":{"start":{"line":26,"column":22},"end":{"line":26,"column":23}},"loc":{"start":{"line":26,"column":27},"end":{"line":36,"column":17}},"line":26},"4":{"name":"(anonymous_4)","decl":{"start":{"line":29,"column":26},"end":{"line":29,"column":27}},"loc":{"start":{"line":29,"column":35},"end":{"line":34,"column":21}},"line":29},"5":{"name":"(anonymous_5)","decl":{"start":{"line":35,"column":27},"end":{"line":35,"column":28}},"loc":{"start":{"line":35,"column":35},"end":{"line":35,"column":64}},"line":35},"6":{"name":"(anonymous_6)","decl":{"start":{"line":37,"column":23},"end":{"line":37,"column":24}},"loc":{"start":{"line":37,"column":29},"end":{"line":37,"column":56}},"line":37},"7":{"name":"(anonymous_7)","decl":{"start":{"line":46,"column":15},"end":{"line":46,"column":16}},"loc":{"start":{"line":46,"column":22},"end":{"line":46,"column":61}},"line":46}},"branchMap":{"0":{"loc":{"start":{"line":11,"column":4},"end":{"line":11,"column":79}},"type":"if","locations":[{"start":{"line":11,"column":4},"end":{"line":11,"column":79}},{"start":{},"end":{}}],"line":11},"1":{"loc":{"start":{"line":17,"column":4},"end":{"line":17,"column":61}},"type":"if","locations":[{"start":{"line":17,"column":4},"end":{"line":17,"column":61}},{"start":{},"end":{}}],"line":17},"2":{"loc":{"start":{"line":22,"column":13},"end":{"line":44,"column":14}},"type":"if","locations":[{"start":{"line":22,"column":13},"end":{"line":44,"column":14}},{"start":{"line":42,"column":18},"end":{"line":44,"column":14}}],"line":22}},"s":{"0":2,"1":2,"2":2,"3":2,"4":2,"5":2,"6":2,"7":0,"8":0,"9":0,"10":0,"11":2,"12":0,"13":0,"14":0,"15":0,"16":0,"17":0,"18":0,"19":0,"20":0,"21":0,"22":0,"23":0,"24":0,"25":0,"26":0,"27":0,"28":0,"29":0,"30":0,"31":2},"f":{"0":0,"1":0,"2":0,"3":0,"4":0,"5":0,"6":0,"7":0},"b":{"0":[0,0],"1":[0,0],"2":[0,0]},"_coverageSchema":"1a1c01bbd47fc00a2c39e90264f33305004495a9","hash":"d51d73c5fa010ddc125139d6044a5149706ef52b"}
,"C:\\Users\\A.R\\Desktop\\Desktop\\Node.js Course\\7th course\\startup\\db.js": {"path":"C:\\Users\\A.R\\Desktop\\Desktop\\Node.js Course\\7th course\\startup\\db.js","statementMap":{"0":{"start":{"line":1,"column":16},"end":{"line":1,"column":35}},"1":{"start":{"line":2,"column":16},"end":{"line":2,"column":34}},"2":{"start":{"line":3,"column":15},"end":{"line":3,"column":32}},"3":{"start":{"line":5,"column":0},"end":{"line":9,"column":1}},"4":{"start":{"line":6,"column":15},"end":{"line":6,"column":31}},"5":{"start":{"line":7,"column":4},"end":{"line":8,"column":55}},"6":{"start":{"line":8,"column":16},"end":{"line":8,"column":53}}},"fnMap":{"0":{"name":"(anonymous_0)","decl":{"start":{"line":5,"column":17},"end":{"line":5,"column":18}},"loc":{"start":{"line":5,"column":29},"end":{"line":9,"column":1}},"line":5},"1":{"name":"(anonymous_1)","decl":{"start":{"line":8,"column":10},"end":{"line":8,"column":11}},"loc":{"start":{"line":8,"column":16},"end":{"line":8,"column":53}},"line":8}},"branchMap":{},"s":{"0":2,"1":2,"2":2,"3":2,"4":2,"5":2,"6":2},"f":{"0":2,"1":2},"b":{},"_coverageSchema":"1a1c01bbd47fc00a2c39e90264f33305004495a9","hash":"8d888cdbca21fdabb71e628fcd1bc623d1a37b6c"}
,"C:\\Users\\A.R\\Desktop\\Desktop\\Node.js Course\\7th course\\startup\\logging.js": {"path":"C:\\Users\\A.R\\Desktop\\Desktop\\Node.js Course\\7th course\\startup\\logging.js","statementMap":{"0":{"start":{"line":1,"column":0},"end":{"line":1,"column":27}},"1":{"start":{"line":2,"column":16},"end":{"line":2,"column":34}},"2":{"start":{"line":3,"column":0},"end":{"line":3,"column":32}},"3":{"start":{"line":5,"column":0},"end":{"line":19,"column":1}},"4":{"start":{"line":6,"column":4},"end":{"line":9,"column":7}},"5":{"start":{"line":7,"column":8},"end":{"line":7,"column":51}},"6":{"start":{"line":8,"column":8},"end":{"line":8,"column":38}},"7":{"start":{"line":12,"column":4},"end":{"line":15,"column":7}},"8":{"start":{"line":13,"column":8},"end":{"line":13,"column":52}},"9":{"start":{"line":14,"column":8},"end":{"line":14,"column":38}},"10":{"start":{"line":16,"column":4},"end":{"line":16,"column":84}},"11":{"start":{"line":17,"column":4},"end":{"line":17,"column":120}},"12":{"start":{"line":18,"column":4},"end":{"line":18,"column":83}}},"fnMap":{"0":{"name":"(anonymous_0)","decl":{"start":{"line":5,"column":17},"end":{"line":5,"column":18}},"loc":{"start":{"line":5,"column":34},"end":{"line":19,"column":1}},"line":5},"1":{"name":"(anonymous_1)","decl":{"start":{"line":6,"column":36},"end":{"line":6,"column":37}},"loc":{"start":{"line":6,"column":42},"end":{"line":9,"column":5}},"line":6},"2":{"name":"(anonymous_2)","decl":{"start":{"line":12,"column":37},"end":{"line":12,"column":38}},"loc":{"start":{"line":12,"column":43},"end":{"line":15,"column":5}},"line":12}},"branchMap":{},"s":{"0":2,"1":2,"2":2,"3":2,"4":2,"5":0,"6":0,"7":2,"8":0,"9":0,"10":2,"11":2,"12":2},"f":{"0":2,"1":0,"2":0},"b":{},"_coverageSchema":"1a1c01bbd47fc00a2c39e90264f33305004495a9","hash":"7866fa1cfa0103c30d51590423829246fd40a6a5"}
,"C:\\Users\\A.R\\Desktop\\Desktop\\Node.js Course\\7th course\\startup\\routes.js": {"path":"C:\\Users\\A.R\\Desktop\\Desktop\\Node.js Course\\7th course\\startup\\routes.js","statementMap":{"0":{"start":{"line":1,"column":16},"end":{"line":1,"column":34}},"1":{"start":{"line":2,"column":14},"end":{"line":2,"column":41}},"2":{"start":{"line":3,"column":14},"end":{"line":3,"column":40}},"3":{"start":{"line":4,"column":15},"end":{"line":4,"column":43}},"4":{"start":{"line":5,"column":13},"end":{"line":5,"column":39}},"5":{"start":{"line":6,"column":13},"end":{"line":6,"column":38}},"6":{"start":{"line":7,"column":14},"end":{"line":7,"column":44}},"7":{"start":{"line":9,"column":0},"end":{"line":17,"column":1}},"8":{"start":{"line":10,"column":4},"end":{"line":10,"column":28}},"9":{"start":{"line":11,"column":4},"end":{"line":11,"column":34}},"10":{"start":{"line":12,"column":4},"end":{"line":12,"column":34}},"11":{"start":{"line":13,"column":4},"end":{"line":13,"column":36}},"12":{"start":{"line":14,"column":4},"end":{"line":14,"column":32}},"13":{"start":{"line":15,"column":4},"end":{"line":15,"column":31}},"14":{"start":{"line":16,"column":4},"end":{"line":16,"column":19}}},"fnMap":{"0":{"name":"(anonymous_0)","decl":{"start":{"line":9,"column":17},"end":{"line":9,"column":18}},"loc":{"start":{"line":9,"column":32},"end":{"line":17,"column":1}},"line":9}},"branchMap":{},"s":{"0":2,"1":2,"2":2,"3":2,"4":2,"5":2,"6":2,"7":2,"8":2,"9":2,"10":2,"11":2,"12":2,"13":2,"14":2},"f":{"0":2},"b":{},"_coverageSchema":"1a1c01bbd47fc00a2c39e90264f33305004495a9","hash":"69dfeb776100d85a73f9b583257093334d73a891"}
}
